demo/build/outputs/logs/manifest-merger-debug-report.txt
-- Merging decision tree log ---
permission#com.example.jpushdemo.permission.JPUSH_MESSAGE
INJECTED from src/main/AndroidManifest.xml:6:5-8:47
	android:protectionLevel
		ADDED from src/main/AndroidManifest.xml:8:9-44
	android:name
		INJECTED from src/main/AndroidManifest.xml
		ADDED from src/main/AndroidManifest.xml:7:9-65
uses-permission#com.example.jpushdemo.permission.JPUSH_MESSAGE
INJECTED from src/main/AndroidManifest.xml:11:5-81
	android:name
		INJECTED from src/main/AndroidManifest.xml
		ADDED from src/main/AndroidManifest.xml:11:22-78
category#com.example.jpushdemo
INJECTED from src/main/AndroidManifest.xml:78:17-61
INJECTED from src/main/AndroidManifest.xml:112:17-61
INJECTED from src/main/AndroidManifest.xml:131:17-61
INJECTED from src/main/AndroidManifest.xml:161:17-61
INJECTED from src/main/AndroidManifest.xml:184:17-61
	android:name
		INJECTED from src/main/AndroidManifest.xml
		INJECTED from src/main/AndroidManifest.xml
		INJECTED from src/main/AndroidManifest.xml
		INJECTED from src/main/AndroidManifest.xml
		INJECTED from src/main/AndroidManifest.xml
		ADDED from src/main/AndroidManifest.xml:78:27-58
provider#cn.jpush.android.service.DataProvider
INJECTED from src/main/AndroidManifest.xml:97:9-102:11
	android:process
		ADDED from src/main/AndroidManifest.xml:100:13-40
	android:authorities
		INJECTED from src/main/AndroidManifest.xml
		ADDED from src/main/AndroidManifest.xml:98:13-64
	android:exported
		ADDED from src/main/AndroidManifest.xml:101:13-37
	android:name
		ADDED from src/main/AndroidManifest.xml:99:13-65
provider#cn.jpush.android.service.DownloadProvider
INJECTED from src/main/AndroidManifest.xml:118:9-122:11
	android:authorities
		INJECTED from src/main/AndroidManifest.xml
		ADDED from src/main/AndroidManifest.xml:119:13-68
	android:exported
		ADDED from src/main/AndroidManifest.xml:121:13-36
	android:name
		ADDED from src/main/AndroidManifest.xml:120:13-69
meta-data#JPUSH_CHANNEL
INJECTED from src/main/AndroidManifest.xml:199:9-83
	android:value
		INJECTED from src/main/AndroidManifest.xml
		ADDED from src/main/AndroidManifest.xml:199:49-81
	android:name
		ADDED from src/main/AndroidManifest.xml:199:20-48
meta-data#JPUSH_APPKEY
INJECTED from src/main/AndroidManifest.xml:200:9-82
	android:value
		INJECTED from src/main/AndroidManifest.xml
		ADDED from src/main/AndroidManifest.xml:200:48-79
	android:name
		ADDED from src/main/AndroidManifest.xml:200:20-47
manifest
ADDED from src/main/AndroidManifest.xml:2:1-203:12
INJECTED from src/main/AndroidManifest.xml:2:1-203:12
INJECTED from src/main/AndroidManifest.xml:2:1-203:12
INJECTED from src/main/AndroidManifest.xml:2:1-203:12
INJECTED from src/main/AndroidManifest.xml:2:1-203:12
INJECTED from src/main/AndroidManifest.xml:2:1-203:12
INJECTED from src/main/AndroidManifest.xml:2:1-203:12
	package
		ADDED from src/main/AndroidManifest.xml:3:5-36
		INJECTED from src/main/AndroidManifest.xml
		INJECTED from src/main/AndroidManifest.xml
	android:versionName
		INJECTED from src/main/AndroidManifest.xml
		ADDED from src/main/AndroidManifest.xml:2:1-203:12
		INJECTED from src/main/AndroidManifest.xml
	android:versionCode
		INJECTED from src/main/AndroidManifest.xml
		ADDED from src/main/AndroidManifest.xml:2:1-203:12
		INJECTED from src/main/AndroidManifest.xml
	xmlns:android
		ADDED from src/main/AndroidManifest.xml:2:11-69
uses-permission#android.permission.RECEIVE_USER_PRESENT
ADDED from src/main/AndroidManifest.xml:12:5-79
	android:name
		ADDED from src/main/AndroidManifest.xml:12:22-76
uses-permission#android.permission.INTERNET
ADDED from src/main/AndroidManifest.xml:13:5-67
	android:name
		ADDED from src/main/AndroidManifest.xml:13:22-64
uses-permission#android.permission.READ_PHONE_STATE
ADDED from src/main/AndroidManifest.xml:14:5-75
	android:name
		ADDED from src/main/AndroidManifest.xml:14:22-72
uses-permission#android.permission.WRITE_EXTERNAL_STORAGE
ADDED from src/main/AndroidManifest.xml:15:5-81
	android:name
		ADDED from src/main/AndroidManifest.xml:15:22-78
uses-permission#android.permission.READ_EXTERNAL_STORAGE
ADDED from src/main/AndroidManifest.xml:16:5-80
	android:name
		ADDED from src/main/AndroidManifest.xml:16:22-77
uses-permission#android.permission.WRITE_SETTINGS
ADDED from src/main/AndroidManifest.xml:17:5-73
	android:name
		ADDED from src/main/AndroidManifest.xml:17:22-70
uses-permission#android.permission.MOUNT_UNMOUNT_FILESYSTEMS
ADDED from src/main/AndroidManifest.xml:18:5-84
	android:name
		ADDED from src/main/AndroidManifest.xml:18:22-81
uses-permission#android.permission.ACCESS_NETWORK_STATE
ADDED from src/main/AndroidManifest.xml:19:5-79
	android:name
		ADDED from src/main/AndroidManifest.xml:19:22-76
uses-permission#android.permission.ACCESS_WIFI_STATE
ADDED from src/main/AndroidManifest.xml:20:5-76
	android:name
		ADDED from src/main/AndroidManifest.xml:20:22-73
uses-permission#android.permission.VIBRATE
ADDED from src/main/AndroidManifest.xml:25:5-66
	android:name
		ADDED from src/main/AndroidManifest.xml:25:22-63
uses-permission#android.permission.SYSTEM_ALERT_WINDOW
ADDED from src/main/AndroidManifest.xml:26:5-78
	android:name
		ADDED from src/main/AndroidManifest.xml:26:22-75
uses-permission#android.permission.ACCESS_COARSE_LOCATION
ADDED from src/main/AndroidManifest.xml:27:5-81
	android:name
		ADDED from src/main/AndroidManifest.xml:27:22-78
uses-permission#android.permission.CHANGE_WIFI_STATE
ADDED from src/main/AndroidManifest.xml:28:5-76
	android:name
		ADDED from src/main/AndroidManifest.xml:28:22-73
uses-permission#android.permission.ACCESS_FINE_LOCATION
ADDED from src/main/AndroidManifest.xml:29:5-79
	android:name
		ADDED from src/main/AndroidManifest.xml:29:22-76
uses-permission#android.permission.ACCESS_BACKGROUND_LOCATION
ADDED from src/main/AndroidManifest.xml:30:5-85
	android:name
		ADDED from src/main/AndroidManifest.xml:30:22-82
uses-permission#android.permission.ACCESS_LOCATION_EXTRA_COMMANDS
ADDED from src/main/AndroidManifest.xml:31:5-89
	android:name
		ADDED from src/main/AndroidManifest.xml:31:22-86
uses-permission#android.permission.CHANGE_NETWORK_STATE
ADDED from src/main/AndroidManifest.xml:32:5-79
	android:name
		ADDED from src/main/AndroidManifest.xml:32:22-76
uses-permission#android.permission.GET_TASKS
ADDED from src/main/AndroidManifest.xml:33:5-68
	android:name
		ADDED from src/main/AndroidManifest.xml:33:22-65
application
ADDED from src/main/AndroidManifest.xml:35:5-202:19
	android:label
		ADDED from src/main/AndroidManifest.xml:38:9-41
	android:icon
		ADDED from src/main/AndroidManifest.xml:36:9-45
	android:allowBackup
		ADDED from src/main/AndroidManifest.xml:37:9-36
	android:name
		ADDED from src/main/AndroidManifest.xml:39:9-64
activity#com.example.jpushdemo.MainActivity
ADDED from src/main/AndroidManifest.xml:42:9-49:20
	android:label
		ADDED from src/main/AndroidManifest.xml:44:13-45
	android:name
		ADDED from src/main/AndroidManifest.xml:43:13-62
intent-filter#action:name:android.intent.action.MAIN+category:name:android.intent.category.LAUNCHER
ADDED from src/main/AndroidManifest.xml:45:13-48:29
action#android.intent.action.MAIN
ADDED from src/main/AndroidManifest.xml:46:17-69
	android:name
		ADDED from src/main/AndroidManifest.xml:46:25-66
category#android.intent.category.LAUNCHER
ADDED from src/main/AndroidManifest.xml:47:17-77
	android:name
		ADDED from src/main/AndroidManifest.xml:47:27-74
activity#com.example.jpushdemo.PushSetActivity
ADDED from src/main/AndroidManifest.xml:51:8-115
	android:label
		ADDED from src/main/AndroidManifest.xml:51:71-103
	android:name
		ADDED from src/main/AndroidManifest.xml:51:18-70
activity#com.example.jpushdemo.SettingActivity
ADDED from src/main/AndroidManifest.xml:53:8-115
	android:label
		ADDED from src/main/AndroidManifest.xml:53:71-103
	android:name
		ADDED from src/main/AndroidManifest.xml:53:18-70
activity#com.example.jpushdemo.TestActivity
ADDED from src/main/AndroidManifest.xml:55:9-60:20
	android:exported
		ADDED from src/main/AndroidManifest.xml:55:69-93
	android:name
		ADDED from src/main/AndroidManifest.xml:55:19-68
intent-filter#action:name:jpush.testAction+category:name:jpush.testCategory
ADDED from src/main/AndroidManifest.xml:56:13-59:29
action#jpush.testAction
ADDED from src/main/AndroidManifest.xml:57:17-59
	android:name
		ADDED from src/main/AndroidManifest.xml:57:25-56
category#jpush.testCategory
ADDED from src/main/AndroidManifest.xml:58:17-63
	android:name
		ADDED from src/main/AndroidManifest.xml:58:27-60
activity#cn.jpush.android.ui.PopWinActivity
ADDED from src/main/AndroidManifest.xml:63:9-67:20
	android:exported
		ADDED from src/main/AndroidManifest.xml:66:13-37
	android:theme
		ADDED from src/main/AndroidManifest.xml:65:13-49
	android:name
		ADDED from src/main/AndroidManifest.xml:64:13-62
activity#cn.jpush.android.ui.PushActivity
ADDED from src/main/AndroidManifest.xml:70:9-80:20
	android:exported
		ADDED from src/main/AndroidManifest.xml:74:13-37
	android:configChanges
		ADDED from src/main/AndroidManifest.xml:72:13-63
	android:theme
		ADDED from src/main/AndroidManifest.xml:73:13-60
	android:name
		ADDED from src/main/AndroidManifest.xml:71:13-60
intent-filter#action:name:cn.jpush.android.ui.PushActivity+category:name:android.intent.category.DEFAULT+category:name:com.example.jpushdemo
ADDED from src/main/AndroidManifest.xml:75:13-79:29
action#cn.jpush.android.ui.PushActivity
ADDED from src/main/AndroidManifest.xml:76:17-75
	android:name
		ADDED from src/main/AndroidManifest.xml:76:25-72
category#android.intent.category.DEFAULT
ADDED from src/main/AndroidManifest.xml:77:17-76
	android:name
		ADDED from src/main/AndroidManifest.xml:77:27-73
service#cn.jpush.android.service.PushService
ADDED from src/main/AndroidManifest.xml:84:9-94:19
	android:process
		ADDED from src/main/AndroidManifest.xml:86:13-40
	android:exported
		ADDED from src/main/AndroidManifest.xml:87:13-37
	android:name
		ADDED from src/main/AndroidManifest.xml:85:13-64
intent-filter#action:name:cn.jpush.android.intent.PUSH_TIME+action:name:cn.jpush.android.intent.PushService+action:name:cn.jpush.android.intent.REGISTER+action:name:cn.jpush.android.intent.REPORT
ADDED from src/main/AndroidManifest.xml:88:13-93:29
action#cn.jpush.android.intent.REGISTER
ADDED from src/main/AndroidManifest.xml:89:17-75
	android:name
		ADDED from src/main/AndroidManifest.xml:89:25-72
action#cn.jpush.android.intent.REPORT
ADDED from src/main/AndroidManifest.xml:90:17-73
	android:name
		ADDED from src/main/AndroidManifest.xml:90:25-70
action#cn.jpush.android.intent.PushService
ADDED from src/main/AndroidManifest.xml:91:17-78
	android:name
		ADDED from src/main/AndroidManifest.xml:91:25-75
action#cn.jpush.android.intent.PUSH_TIME
ADDED from src/main/AndroidManifest.xml:92:17-76
	android:name
		ADDED from src/main/AndroidManifest.xml:92:25-73
service#cn.jpush.android.service.DaemonService
ADDED from src/main/AndroidManifest.xml:106:9-115:19
	android:enabled
		ADDED from src/main/AndroidManifest.xml:108:13-35
	android:exported
		ADDED from src/main/AndroidManifest.xml:109:13-36
	android:name
		ADDED from src/main/AndroidManifest.xml:107:13-66
intent-filter#action:name:cn.jpush.android.intent.DaemonService+category:name:com.example.jpushdemo
ADDED from src/main/AndroidManifest.xml:110:13-113:29
action#cn.jpush.android.intent.DaemonService
ADDED from src/main/AndroidManifest.xml:111:17-80
	android:name
		ADDED from src/main/AndroidManifest.xml:111:25-77
receiver#cn.jpush.android.service.PushReceiver
ADDED from src/main/AndroidManifest.xml:125:9-144:20
	android:enabled
		ADDED from src/main/AndroidManifest.xml:127:13-35
	android:exported
		ADDED from src/main/AndroidManifest.xml:128:13-37
	android:name
		ADDED from src/main/AndroidManifest.xml:126:13-65
intent-filter#action:name:cn.jpush.android.intent.NOTIFICATION_RECEIVED_PROXY+category:name:com.example.jpushdemo
ADDED from src/main/AndroidManifest.xml:129:13-132:29
	android:priority
		ADDED from src/main/AndroidManifest.xml:129:28-51
action#cn.jpush.android.intent.NOTIFICATION_RECEIVED_PROXY
ADDED from src/main/AndroidManifest.xml:130:17-94
	android:name
		ADDED from src/main/AndroidManifest.xml:130:25-91
intent-filter#action:name:android.intent.action.USER_PRESENT+action:name:android.net.conn.CONNECTIVITY_CHANGE
ADDED from src/main/AndroidManifest.xml:133:13-136:29
action#android.intent.action.USER_PRESENT
ADDED from src/main/AndroidManifest.xml:134:17-77
	android:name
		ADDED from src/main/AndroidManifest.xml:134:25-74
action#android.net.conn.CONNECTIVITY_CHANGE
ADDED from src/main/AndroidManifest.xml:135:17-79
	android:name
		ADDED from src/main/AndroidManifest.xml:135:25-76
intent-filter#action:name:android.intent.action.PACKAGE_ADDED+action:name:android.intent.action.PACKAGE_REMOVED+data:scheme:package
ADDED from src/main/AndroidManifest.xml:138:13-143:29
action#android.intent.action.PACKAGE_ADDED
ADDED from src/main/AndroidManifest.xml:139:17-78
	android:name
		ADDED from src/main/AndroidManifest.xml:139:25-75
action#android.intent.action.PACKAGE_REMOVED
ADDED from src/main/AndroidManifest.xml:140:17-80
	android:name
		ADDED from src/main/AndroidManifest.xml:140:25-77
data
ADDED from src/main/AndroidManifest.xml:142:17-50
	android:scheme
		ADDED from src/main/AndroidManifest.xml:142:23-47
receiver#cn.jpush.android.service.AlarmReceiver
ADDED from src/main/AndroidManifest.xml:147:9-99
	android:exported
		ADDED from src/main/AndroidManifest.xml:147:73-97
	android:name
		ADDED from src/main/AndroidManifest.xml:147:19-72
receiver#com.example.jpushdemo.MyReceiver
ADDED from src/main/AndroidManifest.xml:151:9-163:20
	android:enabled
		ADDED from src/main/AndroidManifest.xml:154:13-35
	android:exported
		ADDED from src/main/AndroidManifest.xml:153:13-37
	android:name
		ADDED from src/main/AndroidManifest.xml:152:13-60
intent-filter#action:name:cn.jpush.android.intent.CONNECTION+action:name:cn.jpush.android.intent.MESSAGE_RECEIVED+action:name:cn.jpush.android.intent.NOTIFICATION_OPENED+action:name:cn.jpush.android.intent.NOTIFICATION_RECEIVED+action:name:cn.jpush.android.intent.REGISTRATION+category:name:com.example.jpushdemo
ADDED from src/main/AndroidManifest.xml:155:13-162:29
action#cn.jpush.android.intent.REGISTRATION
ADDED from src/main/AndroidManifest.xml:156:17-79
	android:name
		ADDED from src/main/AndroidManifest.xml:156:25-76
action#cn.jpush.android.intent.MESSAGE_RECEIVED
ADDED from src/main/AndroidManifest.xml:157:17-83
	android:name
		ADDED from src/main/AndroidManifest.xml:157:25-80
action#cn.jpush.android.intent.NOTIFICATION_RECEIVED
ADDED from src/main/AndroidManifest.xml:158:17-88
	android:name
		ADDED from src/main/AndroidManifest.xml:158:25-85
action#cn.jpush.android.intent.NOTIFICATION_OPENED
ADDED from src/main/AndroidManifest.xml:159:17-86
	android:name
		ADDED from src/main/AndroidManifest.xml:159:25-83
action#cn.jpush.android.intent.CONNECTION
ADDED from src/main/AndroidManifest.xml:160:17-77
	android:name
		ADDED from src/main/AndroidManifest.xml:160:25-74
receiver#com.example.jpushdemo.PushMessageReceiver
ADDED from src/main/AndroidManifest.xml:169:9-174:20
	android:name
		ADDED from src/main/AndroidManifest.xml:169:19-75
intent-filter#action:name:cn.jpush.android.intent.RECEIVE_MESSAGE+category:name:com.example.jpushdemo
ADDED from src/main/AndroidManifest.xml:170:13-173:29
action#cn.jpush.android.intent.RECEIVE_MESSAGE
ADDED from src/main/AndroidManifest.xml:171:17-82
	android:name
		ADDED from src/main/AndroidManifest.xml:171:25-79
activity#cn.jpush.android.service.JNotifyActivity
ADDED from src/main/AndroidManifest.xml:177:9-186:20
	android:exported
		ADDED from src/main/AndroidManifest.xml:179:13-36
	android:theme
		ADDED from src/main/AndroidManifest.xml:181:13-72
	android:taskAffinity
		ADDED from src/main/AndroidManifest.xml:180:13-48
	android:name
		ADDED from src/main/AndroidManifest.xml:178:13-68
intent-filter#action:name:cn.jpush.android.intent.JNotifyActivity+category:name:com.example.jpushdemo
ADDED from src/main/AndroidManifest.xml:182:13-185:29
action#cn.jpush.android.intent.JNotifyActivity
ADDED from src/main/AndroidManifest.xml:183:17-82
	android:name
		ADDED from src/main/AndroidManifest.xml:183:25-79
service#com.example.jpushdemo.PushService
ADDED from src/main/AndroidManifest.xml:191:9-196:19
	android:process
		ADDED from src/main/AndroidManifest.xml:192:13-40
	android:name
		ADDED from src/main/AndroidManifest.xml:191:18-66
intent-filter#action:name:cn.jiguang.user.service.action
ADDED from src/main/AndroidManifest.xml:193:13-195:29
action#cn.jiguang.user.service.action
ADDED from src/main/AndroidManifest.xml:194:17-73
	android:name
		ADDED from src/main/AndroidManifest.xml:194:25-70
uses-sdk
INJECTED from src/main/AndroidManifest.xml reason: use-sdk injection requested
INJECTED from src/main/AndroidManifest.xml
INJECTED from src/main/AndroidManifest.xml
INJECTED from src/main/AndroidManifest.xml
INJECTED from src/main/AndroidManifest.xml
	android:targetSdkVersion
		INJECTED from src/main/AndroidManifest.xml
		ADDED from src/main/AndroidManifest.xml
		INJECTED from src/main/AndroidManifest.xml
	android:minSdkVersion
		INJECTED from src/main/AndroidManifest.xml
		ADDED from src/main/AndroidManifest.xml
		INJECTED from src/main/AndroidManifest.xml